[3899] New worker ''
[3899] Copying source dir:  '/home/samba/wojtowiczk/SOP1/p1/src'
[3899] Copying file:  'command_handler.h'
[3900] New worker ''
[3900] Copying source dir:  '/home/samba/wojtowiczk/SOP1/p1/src'
[3900] Copying file:  'command_handler.h'
[3899] Copying file:  'parser.o'
[3900] Copying file:  'parser.o'
[3899] Copying file:  'watchers.h'
[3900] Copying file:  'watchers.h'
[3899] Copying file:  'signal.handler.c'
[3900] Copying file:  'signal.handler.c'
[3899] Copying file:  'dict.c'
[3900] Copying file:  'dict.c'
[3899] Copying file:  'worker.o'
[3900] Copying file:  'worker.o'
[3899] Copying file:  'watchers.o'
[3900] Copying file:  'watchers.o'
[3899] Copying file:  'dict.h'
[3900] Copying file:  'dict.h'
[3899] Copying file:  'utils.c'
[3900] Copying file:  'utils.c'
[3899] Copying file:  'utils.o'
[3900] Copying file:  'utils.o'
[3899] Copying file:  'command_handler.o'
[3900] Copying file:  'command_handler.o'
[3899] Copying file:  'utils.h'
[3900] Copying file:  'utils.h'
[3900] Copying file:  'worker.c'
[3899] Copying file:  'worker.c'
[3900] Copying file:  'command_handler.c'
[3899] Copying file:  'command_handler.c'
[3900] Copying file:  'watchers.c'
[3899] Copying file:  'watchers.c'
[3900] Copying file:  'main.o'
[3899] Copying file:  'main.o'
[3900] Copying file:  'dict.o'
[3899] Copying file:  'dict.o'
[3899] Copying file:  'signal_handler.h'
[3900] Copying file:  'signal_handler.h'
[3899] Copying file:  'worker.h'
[3900] Copying file:  'worker.h'
[3899] Copying file:  'parser.h'
[3900] Copying file:  'parser.h'
[3899] Copying file:  'signal.handler.o'
[3900] Copying file:  'signal.handler.o'
[3899] Copying file:  'parser.c'
[3900] Copying file:  'parser.c'
[3899] Copying file:  'main.c'
[3900] Copying file:  'main.c'
[3899] INOTIFY STATUS
	Inotify [4], 1 watchers:
	 - watcher [1] for /home/samba/wojtowiczk/SOP1/p1/src
[3899] Waiting for changes... ''
[3900] INOTIFY STATUS
	Inotify [4], 1 watchers:
	 - watcher [1] for /home/samba/wojtowiczk/SOP1/p1/src
[3900] Waiting for changes... ''
[3899] Worker exiting... ''
[3900] Worker exiting... ''
